<?xml version="1.0" encoding="UTF-8"?>
<!-- Generated by org.testng.reporters.JUnitReportReporter -->
<testsuite hostname="RPIPL2-NB-DL022" failures="0" tests="2" name="com.test.framework.HomePageTest" time="18.220" errors="0" timestamp="03 Jun 2019 13:16:21 GMT" skipped="0">
  <testcase classname="com.test.framework.HomePageTest" name="navigatingToPage" time="4.223"/>
  <testcase classname="com.test.framework.HomePageTest" name="navigatingToPage" time="13.997"/>
</testsuite> <!-- com.test.framework.HomePageTest -->
