<?xml version="1.0" encoding="UTF-8"?>
<!-- Generated by org.testng.reporters.JUnitReportReporter -->
<testsuite skipped="0" hostname="RPIPL2-NB-DL022" name="com.test.framework.base" tests="1" failures="0" timestamp="29 May 2019 11:23:44 GMT" time="6.215" errors="0">
  <testcase name="initializeDriver" time="6.215" classname="com.test.framework.base"/>
</testsuite> <!-- com.test.framework.base -->
